<html>
<body>
<pre>
<h1>Vision Build Log</h1>
<h2>Project:</h2>
C:\Users\c\Desktop\zm\test\test.uvproj
Project File Date:  03/17/2019

<h2>Output:</h2>
Rebuild target 'Target 1'
assembling STARTUP.A51...
compiling test.c...
test.c(2): error C143: invalid absolute bit address
test.c(2): error C141: syntax error near 'void', expected ';'
test.c(3): error C202: 'led': undefined identifier
test.c(4): error C141: syntax error near 'while'
test.c(5): error C141: syntax error near '}'
Target not created
Rebuild target 'Target 1'
assembling STARTUP.A51...
compiling test.c...
test.c(3): error C143: invalid absolute bit address
test.c(3): error C141: syntax error near 'void', expected ';'
test.c(4): error C202: 'led': undefined identifier
test.c(5): error C141: syntax error near 'while'
test.c(6): error C141: syntax error near '}'
Target not created
Rebuild target 'Target 1'
assembling STARTUP.A51...
compiling test.c...
linking...
Program Size: data=9.0 xdata=0 code=19
creating hex file from "test"...
"test" - 0 Error(s), 0 Warning(s).
Rebuild target 'Target 1'
assembling STARTUP.A51...
compiling test.c...
linking...
Program Size: data=9.0 xdata=0 code=21
creating hex file from "test"...
"test" - 0 Error(s), 0 Warning(s).
Rebuild target 'Target 1'
assembling STARTUP.A51...
compiling test.c...
linking...
Program Size: data=9.0 xdata=0 code=21
creating hex file from "test"...
"test" - 0 Error(s), 0 Warning(s).
Rebuild target 'Target 1'
assembling STARTUP.A51...
compiling test.c...
test.c(5): error C141: syntax error near 'while'
Target not created
Rebuild target 'Target 1'
assembling STARTUP.A51...
compiling test.c...
test.c(5): error C141: syntax error near 'while'
Target not created
Rebuild target 'Target 1'
assembling STARTUP.A51...
compiling test.c...
linking...
Program Size: data=9.0 xdata=0 code=19
creating hex file from "test"...
"test" - 0 Error(s), 0 Warning(s).
Rebuild target 'Target 1'
assembling STARTUP.A51...
compiling test.c...
linking...
Program Size: data=9.0 xdata=0 code=19
creating hex file from "test"...
"test" - 0 Error(s), 0 Warning(s).
Rebuild target 'Target 1'
assembling STARTUP.A51...
compiling test.c...
linking...
Program Size: data=9.0 xdata=0 code=19
creating hex file from "test"...
"test" - 0 Error(s), 0 Warning(s).
Rebuild target 'Target 1'
assembling STARTUP.A51...
compiling test.c...
linking...
Program Size: data=9.0 xdata=0 code=19
creating hex file from "test"...
"test" - 0 Error(s), 0 Warning(s).
Rebuild target 'Target 1'
assembling STARTUP.A51...
compiling test.c...
linking...
Program Size: data=9.0 xdata=0 code=19
creating hex file from "test"...
"test" - 0 Error(s), 0 Warning(s).
Rebuild target 'Target 1'
assembling STARTUP.A51...
compiling test.c...
linking...
Program Size: data=9.0 xdata=0 code=19
creating hex file from "test"...
"test" - 0 Error(s), 0 Warning(s).
Rebuild target 'Target 1'
assembling STARTUP.A51...
compiling test.c...
linking...
Program Size: data=9.0 xdata=0 code=19
creating hex file from "test"...
"test" - 0 Error(s), 0 Warning(s).
Rebuild target 'Target 1'
assembling STARTUP.A51...
compiling test.c...
linking...
Program Size: data=9.0 xdata=0 code=19
creating hex file from "test"...
"test" - 0 Error(s), 0 Warning(s).
Rebuild target 'Target 1'
assembling STARTUP.A51...
compiling test.c...
linking...
Program Size: data=9.0 xdata=0 code=19
creating hex file from "test"...
"test" - 0 Error(s), 0 Warning(s).
Rebuild target 'Target 1'
assembling STARTUP.A51...
compiling test.c...
linking...
Program Size: data=9.0 xdata=0 code=19
creating hex file from "test"...
"test" - 0 Error(s), 0 Warning(s).
"C:\Users\c\Desktop\zm\install\Astyle\bin\AStyle.exe" "C:\Users\c\Desktop\zm\test\*.c" "C:\Users\c\Desktop\zm\test\*.h"
------------------------------------------------------------
目录  C:\Users\c\Desktop\zm\test\*.c
------------------------------------------------------------
格式化  test.c
格式化  test.uvgui.c
------------------------------------------------------------
目录  C:\Users\c\Desktop\zm\test\*.h
没有文件处理C:\Users\c\Desktop\zm\test\*.h
你打算使用 --recursive
Artistic Style 已经终止
"C:\Users\c\Desktop\zm\install\Astyle\bin\AStyle.exe" "C:\Users\c\Desktop\zm\test\*.c" "C:\Users\c\Desktop\zm\test\*.h"
------------------------------------------------------------
目录  C:\Users\c\Desktop\zm\test\*.c
------------------------------------------------------------
格式化  test.c
格式化  test.uvgui.c
------------------------------------------------------------
目录  C:\Users\c\Desktop\zm\test\*.h
没有文件处理C:\Users\c\Desktop\zm\test\*.h
你打算使用 --recursive
Artistic Style 已经终止
"C:\Users\c\Desktop\zm\install\Astyle\bin\AStyle.exe" "C:\Users\c\Desktop\zm\test\*.c" "C:\Users\c\Desktop\zm\test\*.h"
------------------------------------------------------------
目录  C:\Users\c\Desktop\zm\test\*.c
------------------------------------------------------------
格式化  test.c
格式化  test.uvgui.c
------------------------------------------------------------
目录  C:\Users\c\Desktop\zm\test\*.h
没有文件处理C:\Users\c\Desktop\zm\test\*.h
你打算使用 --recursive
Artistic Style 已经终止
"C:\Users\c\Desktop\zm\install\Astyle\bin\AStyle.exe" .\test.c
格式化  .\test.c
"C:\Users\c\Desktop\zm\install\Astyle\bin\AStyle.exe" .\test.c
不变    .\test.c
"C:\Users\c\Desktop\zm\install\Astyle\bin\AStyle.exe" .\test.c --style=linux
格式化  .\test.c
"C:\Users\c\Desktop\zm\install\Astyle\bin\AStyle.exe" .\test.c --style=linux
格式化  .\test.c
Rebuild target 'Target 1'
assembling STARTUP.A51...
compiling test.c...
test.c(6): error C141: syntax error near ';', expected ')'
test.c(6): error C141: syntax error near ')'
Target not created
Rebuild target 'Target 1'
assembling STARTUP.A51...
compiling test.c...
test.c(6): error C141: syntax error near ';', expected ')'
test.c(6): error C141: syntax error near ')'
Target not created
Rebuild target 'Target 1'
assembling STARTUP.A51...
compiling test.c...
test.c(6): error C141: syntax error near ';', expected ')'
test.c(6): error C141: syntax error near ')'
Target not created
Rebuild target 'Target 1'
assembling STARTUP.A51...
compiling test.c...
linking...
Program Size: data=9.0 xdata=0 code=43
creating hex file from "test"...
"test" - 0 Error(s), 0 Warning(s).
Rebuild target 'Target 1'
assembling STARTUP.A51...
compiling test.c...
linking...
Program Size: data=9.0 xdata=0 code=43
creating hex file from "test"...
"test" - 0 Error(s), 0 Warning(s).
Rebuild target 'Target 1'
assembling STARTUP.A51...
compiling test.c...
linking...
Program Size: data=9.0 xdata=0 code=43
creating hex file from "test"...
"test" - 0 Error(s), 0 Warning(s).
Rebuild target 'Target 1'
assembling STARTUP.A51...
compiling test.c...
linking...
Program Size: data=9.0 xdata=0 code=43
creating hex file from "test"...
"test" - 0 Error(s), 0 Warning(s).
"C:\Users\c\Desktop\zm\install\Astyle\bin\AStyle.exe" .\test.c --style=linux
格式化  .\test.c
"C:\Users\c\Desktop\zm\install\Astyle\bin\AStyle.exe" .\test.c --style=linux
不变    .\test.c
Rebuild target 'Target 1'
assembling STARTUP.A51...
compiling test.c...
test.c(7): error C202: 'j': undefined identifier
test.c(7): error C141: syntax error near '}'
Target not created
"C:\Users\c\Desktop\zm\install\Astyle\bin\AStyle.exe" .\test.c --style=linux
格式化  .\test.c
Rebuild target 'Target 1'
assembling STARTUP.A51...
compiling test.c...
test.c(7): error C202: 'j': undefined identifier
test.c(8): error C141: syntax error near '}'
Target not created
Rebuild target 'Target 1'
assembling STARTUP.A51...
compiling test.c...
test.c(8): error C141: syntax error near '}'
Target not created
Rebuild target 'Target 1'
assembling STARTUP.A51...
compiling test.c...
test.c(8): error C141: syntax error near '}'
Target not created
"C:\Users\c\Desktop\zm\install\Astyle\bin\AStyle.exe" .\test.c --style=linux
格式化  .\test.c
Rebuild target 'Target 1'
assembling STARTUP.A51...
compiling test.c...
linking...
Program Size: data=9.0 xdata=0 code=67
creating hex file from "test"...
"test" - 0 Error(s), 0 Warning(s).
Rebuild target 'Target 1'
assembling STARTUP.A51...
compiling test.c...
linking...
Program Size: data=9.0 xdata=0 code=67
creating hex file from "test"...
"test" - 0 Error(s), 0 Warning(s).
Rebuild target 'Target 1'
assembling STARTUP.A51...
compiling test.c...
linking...
Program Size: data=9.0 xdata=0 code=67
creating hex file from "test"...
"test" - 0 Error(s), 0 Warning(s).
Rebuild target 'Target 1'
assembling STARTUP.A51...
compiling test.c...
linking...
Program Size: data=9.0 xdata=0 code=67
creating hex file from "test"...
"test" - 0 Error(s), 0 Warning(s).
Rebuild target 'Target 1'
assembling STARTUP.A51...
compiling test.c...
linking...
Program Size: data=9.0 xdata=0 code=67
creating hex file from "test"...
"test" - 0 Error(s), 0 Warning(s).
Rebuild target 'Target 1'
assembling STARTUP.A51...
compiling test.c...
linking...
Program Size: data=9.0 xdata=0 code=67
creating hex file from "test"...
"test" - 0 Error(s), 0 Warning(s).
"C:\Users\c\Desktop\zm\install\Astyle\bin\AStyle.exe" .\test.c --style=linux
格式化  .\test.c
"C:\Users\c\Desktop\zm\install\Astyle\bin\AStyle.exe" .\test.c --style=linux
格式化  .\test.c
Rebuild target 'Target 1'
assembling STARTUP.A51...
compiling test.c...
linking...
Program Size: data=9.0 xdata=0 code=67
creating hex file from "test"...
"test" - 0 Error(s), 0 Warning(s).
Rebuild target 'Target 1'
assembling STARTUP.A51...
compiling test.c...
linking...
Program Size: data=9.0 xdata=0 code=67
creating hex file from "test"...
"test" - 0 Error(s), 0 Warning(s).
"C:\Users\c\Desktop\zm\install\Astyle\bin\AStyle.exe" .\test.c --style=linux
格式化  .\test.c
"C:\Users\c\Desktop\zm\install\Astyle\bin\AStyle.exe" .\test.c --style=linux
不变    .\test.c
"C:\Users\c\Desktop\zm\install\Astyle\bin\AStyle.exe" .\test.c --style=linux
格式化  .\test.c
"C:\Users\c\Desktop\zm\install\Astyle\bin\AStyle.exe" .\test.c --style=linux
格式化  .\test.c
"C:\Users\c\Desktop\zm\install\Astyle\bin\AStyle.exe" .\test.c --style=linux
格式化  .\test.c
"C:\Users\c\Desktop\zm\install\Astyle\bin\AStyle.exe" .\test.c --style=linux
不变    .\test.c
"C:\Users\c\Desktop\zm\install\Astyle\bin\AStyle.exe" .\test.c --style=linux
格式化  .\test.c
"C:\Users\c\Desktop\zm\install\Astyle\bin\AStyle.exe" .\test.c --style=linux
格式化  .\test.c
"C:\Users\c\Desktop\zm\install\Astyle\bin\AStyle.exe" .\test.c --style=java
格式化  .\test.c
Rebuild target 'Target 1'
assembling STARTUP.A51...
compiling test.c...
linking...
Program Size: data=9.0 xdata=0 code=50
creating hex file from "test"...
"test" - 0 Error(s), 0 Warning(s).
"C:\Users\c\Desktop\zm\install\Astyle\bin\AStyle.exe" .\test.c --style=java
格式化  .\test.c
"C:\Users\c\Desktop\zm\install\Astyle\bin\AStyle.exe" .\test.c --style=java
格式化  .\test.c
"C:\Users\c\Desktop\zm\install\Astyle\bin\AStyle.exe" .\test.c --style=java
格式化  .\test.c
Rebuild target 'Target 1'
assembling STARTUP.A51...
compiling test.c...
test.c(13): warning C275: expression with possibly no effect
linking...
Program Size: data=9.0 xdata=0 code=44
creating hex file from "test"...
"test" - 0 Error(s), 1 Warning(s).
Rebuild target 'Target 1'
assembling STARTUP.A51...
compiling test.c...
test.c(13): warning C275: expression with possibly no effect
linking...
Program Size: data=9.0 xdata=0 code=44
creating hex file from "test"...
"test" - 0 Error(s), 1 Warning(s).
Rebuild target 'Target 1'
assembling STARTUP.A51...
compiling test.c...
test.c(13): error C141: syntax error near ';'
Target not created
Rebuild target 'Target 1'
assembling STARTUP.A51...
compiling test.c...
test.c(13): warning C275: expression with possibly no effect
linking...
Program Size: data=9.0 xdata=0 code=44
creating hex file from "test"...
"test" - 0 Error(s), 1 Warning(s).
Rebuild target 'Target 1'
assembling STARTUP.A51...
compiling test.c...
test.c(13): warning C275: expression with possibly no effect
linking...
Program Size: data=9.0 xdata=0 code=44
creating hex file from "test"...
"test" - 0 Error(s), 1 Warning(s).
Rebuild target 'Target 1'
assembling STARTUP.A51...
compiling test.c...
test.c(13): warning C275: expression with possibly no effect
linking...
Program Size: data=9.0 xdata=0 code=47
creating hex file from "test"...
"test" - 0 Error(s), 1 Warning(s).
Rebuild target 'Target 1'
assembling STARTUP.A51...
compiling test.c...
test.c(13): warning C275: expression with possibly no effect
linking...
Program Size: data=9.0 xdata=0 code=65
creating hex file from "test"...
"test" - 0 Error(s), 1 Warning(s).
Rebuild target 'Target 1'
assembling STARTUP.A51...
compiling test.c...
test.c(13): warning C275: expression with possibly no effect
linking...
Program Size: data=9.0 xdata=0 code=47
creating hex file from "test"...
"test" - 0 Error(s), 1 Warning(s).
"C:\Users\c\Desktop\zm\install\Astyle\bin\AStyle.exe" .\test.c --style=java
格式化  .\test.c
Rebuild target 'Target 1'
assembling STARTUP.A51...
compiling test.c...
test.c(13): warning C275: expression with possibly no effect
test.c(15): error C100: unprintable character 0xA3 skipped
test.c(15): error C100: unprintable character 0xBB skipped
Target not created
Rebuild target 'Target 1'
assembling STARTUP.A51...
compiling test.c...
test.c(13): warning C275: expression with possibly no effect
test.c(15): warning C206: 'print': missing function-prototype
test.c(15): error C267: 'print': requires ANSI-style prototype
Target not created
Rebuild target 'Target 1'
assembling STARTUP.A51...
compiling test.c...
test.c(13): warning C275: expression with possibly no effect
test.c(15): warning C206: 'print': missing function-prototype
test.c(15): error C267: 'print': requires ANSI-style prototype
Target not created
Rebuild target 'Target 1'
assembling STARTUP.A51...
compiling test.c...
test.c(13): warning C275: expression with possibly no effect
test.c(15): warning C206: 'print': missing function-prototype
test.c(15): error C267: 'print': requires ANSI-style prototype
Target not created
Rebuild target 'Target 1'
assembling STARTUP.A51...
compiling test.c...
test.c(13): warning C275: expression with possibly no effect
test.c(15): warning C206: 'print': missing function-prototype
test.c(15): error C267: 'print': requires ANSI-style prototype
Target not created
Rebuild target 'Target 1'
assembling STARTUP.A51...
compiling test.c...
test.c(13): warning C275: expression with possibly no effect
test.c(15): warning C206: 'print': missing function-prototype
test.c(15): error C267: 'print': requires ANSI-style prototype
Target not created
Rebuild target 'Target 1'
assembling STARTUP.A51...
compiling test.c...
test.c(13): warning C275: expression with possibly no effect
test.c(15): warning C206: 'print': missing function-prototype
test.c(15): error C267: 'print': requires ANSI-style prototype
Target not created
Rebuild target 'Target 1'
assembling STARTUP.A51...
compiling test.c...
test.c(13): warning C275: expression with possibly no effect
linking...
Program Size: data=9.0 xdata=0 code=47
creating hex file from "test"...
"test" - 0 Error(s), 1 Warning(s).
Rebuild target 'Target 1'
assembling STARTUP.A51...
compiling test.c...
linking...
Program Size: data=9.0 xdata=0 code=53
creating hex file from "test"...
"test" - 0 Error(s), 0 Warning(s).
Rebuild target 'Target 1'
assembling STARTUP.A51...
compiling test.c...
linking...
Program Size: data=9.0 xdata=0 code=53
creating hex file from "test"...
"test" - 0 Error(s), 0 Warning(s).
"C:\Users\c\Desktop\zm\install\Astyle\bin\AStyle.exe" .\test.c --style=java
格式化  .\test.c
Rebuild target 'Target 1'
assembling STARTUP.A51...
compiling test.c...
linking...
Program Size: data=9.0 xdata=0 code=50
creating hex file from "test"...
"test" - 0 Error(s), 0 Warning(s).
Rebuild target 'Target 1'
assembling STARTUP.A51...
compiling test.c...
linking...
Program Size: data=9.0 xdata=0 code=50
creating hex file from "test"...
"test" - 0 Error(s), 0 Warning(s).
Rebuild target 'Target 1'
assembling STARTUP.A51...
compiling test.c...
test.c(14): warning C206: 'print': missing function-prototype
test.c(14): error C267: 'print': requires ANSI-style prototype
Target not created
Rebuild target 'Target 1'
assembling STARTUP.A51...
compiling test.c...
linking...
Program Size: data=9.0 xdata=0 code=50
creating hex file from "test"...
"test" - 0 Error(s), 0 Warning(s).
Rebuild target 'Target 1'
assembling STARTUP.A51...
compiling test.c...
linking...
Program Size: data=9.0 xdata=0 code=50
creating hex file from "test"...
"test" - 0 Error(s), 0 Warning(s).
Rebuild target 'Target 1'
assembling STARTUP.A51...
compiling test.c...
linking...
Program Size: data=9.0 xdata=0 code=44
creating hex file from "test"...
"test" - 0 Error(s), 0 Warning(s).
Build target 'Target 1'
linking...
Program Size: data=9.0 xdata=0 code=44
creating hex file from "test"...
"test" - 0 Error(s), 0 Warning(s).
Rebuild target 'Target 1'
assembling STARTUP.A51...
compiling test.c...
linking...
Program Size: data=9.0 xdata=0 code=44
creating hex file from "test"...
"test" - 0 Error(s), 0 Warning(s).
Rebuild target 'Target 1'
assembling STARTUP.A51...
compiling test.c...
linking...
Program Size: data=9.0 xdata=0 code=44
creating hex file from "test"...
"test" - 0 Error(s), 0 Warning(s).
Rebuild target 'Target 1'
assembling STARTUP.A51...
compiling test.c...
linking...
Program Size: data=9.0 xdata=0 code=44
creating hex file from "test"...
"test" - 0 Error(s), 0 Warning(s).
"C:\Users\c\Desktop\zm\install\Astyle\bin\AStyle.exe" .\test.c --style=java
格式化  .\test.c
Rebuild target 'Target 1'
assembling STARTUP.A51...
compiling test.c...
linking...
Program Size: data=9.0 xdata=0 code=32
creating hex file from "test"...
"test" - 0 Error(s), 0 Warning(s).
"C:\Users\c\Desktop\zm\install\Astyle\bin\AStyle.exe" .\test.c --style=java
格式化  .\test.c
Rebuild target 'Target 1'
assembling STARTUP.A51...
compiling test.c...
linking...
Program Size: data=9.0 xdata=0 code=32
creating hex file from "test"...
"test" - 0 Error(s), 0 Warning(s).
"C:\Users\c\Desktop\zm\install\Astyle\bin\AStyle.exe" .\test.c --style=java
格式化  .\test.c
"C:\Users\c\Desktop\zm\install\Astyle\bin\AStyle.exe" .\test.c --style=java
格式化  .\test.c
"C:\Users\c\Desktop\zm\install\Astyle\bin\AStyle.exe" .\test.c --style=linux
"C:\Users\c\Desktop\zm\install\Astyle\bin\AStyle.exe" .\test.c --style=linux
"C:\Users\c\Desktop\zm\install\Astyle\bin\AStyle.exe" .\test.c --style=linux
Rebuild target 'Target 1'
assembling STARTUP.A51...
compiling test.c...
linking...
Program Size: data=9.0 xdata=0 code=97
creating hex file from "test"...
"test" - 0 Error(s), 0 Warning(s).
Rebuild target 'Target 1'
assembling STARTUP.A51...
compiling test.c...
linking...
Program Size: data=9.0 xdata=0 code=97
creating hex file from "test"...
"test" - 0 Error(s), 0 Warning(s).
"C:\Users\c\Desktop\zm\install\Astyle\bin\AStyle.exe" .\test.c --style=linux
Rebuild target 'Target 1'
assembling STARTUP.A51...
compiling test.c...
test.c(14): error C141: syntax error near 'int'
test.c(14): error C202: 'i': undefined identifier
test.c(14): error C202: 'i': undefined identifier
test.c(14): error C202: 'i': undefined identifier
test.c(14): error C141: syntax error near ')'
Target not created
Rebuild target 'Target 1'
assembling STARTUP.A51...
compiling test.c...
test.c(14): error C202: 'i': undefined identifier
Target not created
Rebuild target 'Target 1'
assembling STARTUP.A51...
compiling test.c...
test.c(14): error C141: syntax error near 'int'
test.c(14): error C202: 'i': undefined identifier
test.c(15): error C202: 'i': undefined identifier
Target not created
Rebuild target 'Target 1'
assembling STARTUP.A51...
compiling test.c...
linking...
*** WARNING L16: UNCALLED SEGMENT, IGNORED FOR OVERLAY PROCESS
    SEGMENT: ?PR?DELAY?TEST
Program Size: data=9.0 xdata=0 code=69
creating hex file from "test"...
"test" - 0 Error(s), 1 Warning(s).
Rebuild target 'Target 1'
assembling STARTUP.A51...
compiling test.c...
linking...
*** WARNING L16: UNCALLED SEGMENT, IGNORED FOR OVERLAY PROCESS
    SEGMENT: ?PR?DELAY?TEST
Program Size: data=9.0 xdata=0 code=69
creating hex file from "test"...
"test" - 0 Error(s), 1 Warning(s).
Rebuild target 'Target 1'
assembling STARTUP.A51...
compiling test.c...
linking...
Program Size: data=9.0 xdata=0 code=72
creating hex file from "test"...
"test" - 0 Error(s), 0 Warning(s).
Rebuild target 'Target 1'
assembling STARTUP.A51...
compiling test.c...
linking...
Program Size: data=9.0 xdata=0 code=72
creating hex file from "test"...
"test" - 0 Error(s), 0 Warning(s).
Rebuild target 'Target 1'
assembling STARTUP.A51...
compiling test.c...
linking...
Program Size: data=9.0 xdata=0 code=72
creating hex file from "test"...
"test" - 0 Error(s), 0 Warning(s).
Rebuild target 'Target 1'
assembling STARTUP.A51...
compiling test.c...
test.c(16): warning C315: unknown #directive 'P0'
test.c(17): warning C315: unknown #directive 'delay'
linking...
*** WARNING L16: UNCALLED SEGMENT, IGNORED FOR OVERLAY PROCESS
    SEGMENT: ?PR?DELAY?TEST
Program Size: data=9.0 xdata=0 code=63
creating hex file from "test"...
"test" - 0 Error(s), 3 Warning(s).
Rebuild target 'Target 1'
assembling STARTUP.A51...
compiling test.c...
test.c(16): warning C315: unknown #directive 'P0'
test.c(17): warning C315: unknown #directive 'delay'
linking...
*** WARNING L16: UNCALLED SEGMENT, IGNORED FOR OVERLAY PROCESS
    SEGMENT: ?PR?DELAY?TEST
Program Size: data=9.0 xdata=0 code=63
creating hex file from "test"...
"test" - 0 Error(s), 3 Warning(s).
Rebuild target 'Target 1'
assembling STARTUP.A51...
compiling test.c...
test.c(16): warning C315: unknown #directive 'P0'
test.c(17): warning C315: unknown #directive 'delay'
linking...
*** WARNING L16: UNCALLED SEGMENT, IGNORED FOR OVERLAY PROCESS
    SEGMENT: ?PR?DELAY?TEST
Program Size: data=9.0 xdata=0 code=63
creating hex file from "test"...
"test" - 0 Error(s), 3 Warning(s).
Rebuild target 'Target 1'
assembling STARTUP.A51...
compiling test.c...
test.c(17): warning C315: unknown #directive 'P0'
test.c(18): warning C315: unknown #directive 'delay'
linking...
*** WARNING L16: UNCALLED SEGMENT, IGNORED FOR OVERLAY PROCESS
    SEGMENT: ?PR?DELAY?TEST
Program Size: data=9.0 xdata=0 code=66
creating hex file from "test"...
"test" - 0 Error(s), 3 Warning(s).
Rebuild target 'Target 1'
assembling STARTUP.A51...
compiling test.c...
linking...
Program Size: data=9.0 xdata=0 code=75
creating hex file from "test"...
"test" - 0 Error(s), 0 Warning(s).
Rebuild target 'Target 1'
assembling STARTUP.A51...
compiling test.c...
test.c(5): warning C280: 'j': unreferenced local variable
linking...
Program Size: data=14.0 xdata=0 code=109
creating hex file from "test"...
"test" - 0 Error(s), 1 Warning(s).
"C:\Users\c\Desktop\zm\install\Astyle\bin\AStyle.exe" .\test.c --style=linux
"C:\Users\c\Desktop\zm\install\Astyle\bin\AStyle.exe" .\test.c --style=java
"C:\Users\c\Desktop\zm\install\Astyle\bin\AStyle.exe" .\test.c --style=linux
"C:\Users\c\Desktop\zm\install\Astyle\bin\AStyle.exe" .\test.c --style=linux
"C:\Users\c\Desktop\zm\install\Astyle\bin\AStyle.exe" .\test.c --style=linux
"C:\Users\c\Desktop\zm\install\Astyle\bin\AStyle.exe" .\test.c --style=linux
"C:\Users\c\Desktop\zm\install\Astyle\bin\AStyle.exe" .\test.c --style=linux
"C:\Users\c\Desktop\zm\install\Astyle\bin\AStyle.exe" .\test.c --style=linux
Rebuild target 'Target 1'
assembling STARTUP.A51...
compiling test.c...
test.c(5): warning C280: 'j': unreferenced local variable
linking...
Program Size: data=14.0 xdata=0 code=109
creating hex file from "test"...
"test" - 0 Error(s), 1 Warning(s).
Rebuild target 'Target 1'
assembling STARTUP.A51...
compiling test.c...
linking...
Program Size: data=12.0 xdata=0 code=109
creating hex file from "test"...
"test" - 0 Error(s), 0 Warning(s).
Rebuild target 'Target 1'
assembling STARTUP.A51...
compiling test.c...
linking...
Program Size: data=10.0 xdata=0 code=72
creating hex file from "test"...
"test" - 0 Error(s), 0 Warning(s).
Rebuild target 'Target 1'
assembling STARTUP.A51...
compiling test.c...
linking...
Program Size: data=10.0 xdata=0 code=69
creating hex file from "test"...
"test" - 0 Error(s), 0 Warning(s).
Rebuild target 'Target 1'
assembling STARTUP.A51...
compiling test.c...
linking...
Program Size: data=10.0 xdata=0 code=72
creating hex file from "test"...
"test" - 0 Error(s), 0 Warning(s).
Rebuild target 'Target 1'
assembling STARTUP.A51...
compiling test.c...
linking...
Program Size: data=10.0 xdata=0 code=69
creating hex file from "test"...
"test" - 0 Error(s), 0 Warning(s).
Rebuild target 'Target 1'
assembling STARTUP.A51...
compiling test.c...
linking...
Program Size: data=10.0 xdata=0 code=69
creating hex file from "test"...
"test" - 0 Error(s), 0 Warning(s).
Rebuild target 'Target 1'
assembling STARTUP.A51...
compiling test.c...
linking...
Program Size: data=10.0 xdata=0 code=69
creating hex file from "test"...
"test" - 0 Error(s), 0 Warning(s).
Rebuild target 'Target 1'
assembling STARTUP.A51...
compiling test.c...
linking...
Program Size: data=10.0 xdata=0 code=68
creating hex file from "test"...
"test" - 0 Error(s), 0 Warning(s).
Rebuild target 'Target 1'
assembling STARTUP.A51...
compiling test.c...
linking...
Program Size: data=10.0 xdata=0 code=71
creating hex file from "test"...
"test" - 0 Error(s), 0 Warning(s).
Rebuild target 'Target 1'
assembling STARTUP.A51...
compiling test.c...
test.c(11): warning C280: 'i': unreferenced local variable
linking...
Program Size: data=11.0 xdata=0 code=63
creating hex file from "test"...
"test" - 0 Error(s), 1 Warning(s).
Rebuild target 'Target 1'
assembling STARTUP.A51...
compiling test.c...
test.c(11): warning C280: 'i': unreferenced local variable
linking...
Program Size: data=11.0 xdata=0 code=65
creating hex file from "test"...
"test" - 0 Error(s), 1 Warning(s).
Build target 'Target 1'
linking...
Program Size: data=11.0 xdata=0 code=65
creating hex file from "test"...
"test" - 0 Error(s), 0 Warning(s).
Rebuild target 'Target 1'
assembling STARTUP.A51...
compiling test.c...
test.c(11): warning C280: 'i': unreferenced local variable
linking...
Program Size: data=11.0 xdata=0 code=65
creating hex file from "test"...
"test" - 0 Error(s), 1 Warning(s).
Rebuild target 'Target 1'
assembling STARTUP.A51...
compiling test.c...
test.c(11): warning C280: 'i': unreferenced local variable
linking...
Program Size: data=11.0 xdata=0 code=67
creating hex file from "test"...
"test" - 0 Error(s), 1 Warning(s).
Rebuild target 'Target 1'
assembling STARTUP.A51...
compiling test.c...
test.c(11): warning C280: 'i': unreferenced local variable
linking...
Program Size: data=11.0 xdata=0 code=61
creating hex file from "test"...
"test" - 0 Error(s), 1 Warning(s).
Rebuild target 'Target 1'
assembling STARTUP.A51...
compiling test.c...
test.c(11): warning C280: 'i': unreferenced local variable
linking...
Program Size: data=11.0 xdata=0 code=64
creating hex file from "test"...
"test" - 0 Error(s), 1 Warning(s).
Rebuild target 'Target 1'
assembling STARTUP.A51...
compiling test.c...
linking...
Program Size: data=9.0 xdata=0 code=78
creating hex file from "test"...
"test" - 0 Error(s), 0 Warning(s).
Rebuild target 'Target 1'
assembling STARTUP.A51...
compiling test.c...
linking...
Program Size: data=9.0 xdata=0 code=78
creating hex file from "test"...
"test" - 0 Error(s), 0 Warning(s).
Rebuild target 'Target 1'
assembling STARTUP.A51...
compiling test.c...
linking...
Program Size: data=9.0 xdata=0 code=76
creating hex file from "test"...
"test" - 0 Error(s), 0 Warning(s).
Rebuild target 'Target 1'
assembling STARTUP.A51...
compiling test.c...
linking...
Program Size: data=9.0 xdata=0 code=76
creating hex file from "test"...
"test" - 0 Error(s), 0 Warning(s).
"C:\Users\c\Desktop\zm\install\Astyle\bin\AStyle.exe" .\test.c --style=linux
Rebuild target 'Target 1'
assembling STARTUP.A51...
compiling test.c...
linking...
Program Size: data=9.0 xdata=0 code=74
creating hex file from "test"...
"test" - 0 Error(s), 0 Warning(s).
Rebuild target 'Target 1'
assembling STARTUP.A51...
compiling test.c...
linking...
Program Size: data=9.0 xdata=0 code=74
creating hex file from "test"...
"test" - 0 Error(s), 0 Warning(s).
Rebuild target 'Target 1'
assembling STARTUP.A51...
compiling test.c...
linking...
Program Size: data=9.0 xdata=0 code=76
creating hex file from "test"...
"test" - 0 Error(s), 0 Warning(s).
Rebuild target 'Target 1'
assembling STARTUP.A51...
compiling test.c...
linking...
Program Size: data=9.0 xdata=0 code=76
creating hex file from "test"...
"test" - 0 Error(s), 0 Warning(s).
Rebuild target 'Target 1'
assembling STARTUP.A51...
compiling test.c...
linking...
Program Size: data=9.0 xdata=0 code=78
creating hex file from "test"...
"test" - 0 Error(s), 0 Warning(s).
Rebuild target 'Target 1'
assembling STARTUP.A51...
compiling test.c...
linking...
Program Size: data=9.0 xdata=0 code=78
creating hex file from "test"...
"test" - 0 Error(s), 0 Warning(s).
Rebuild target 'Target 1'
assembling STARTUP.A51...
compiling test.c...
linking...
Program Size: data=9.0 xdata=0 code=73
creating hex file from "test"...
"test" - 0 Error(s), 0 Warning(s).
"C:\Users\c\Desktop\zm\install\Astyle\bin\AStyle.exe" .\test.c --style=linux
Rebuild target 'Target 1'
assembling STARTUP.A51...
compiling test.c...
linking...
Program Size: data=9.0 xdata=0 code=73
creating hex file from "test"...
"test" - 0 Error(s), 0 Warning(s).
Rebuild target 'Target 1'
assembling STARTUP.A51...
compiling test.c...
linking...
Program Size: data=9.0 xdata=0 code=73
creating hex file from "test"...
"test" - 0 Error(s), 0 Warning(s).
Rebuild target 'Target 1'
assembling STARTUP.A51...
compiling test.c...
linking...
Program Size: data=9.0 xdata=0 code=73
creating hex file from "test"...
"test" - 0 Error(s), 0 Warning(s).
